# JRE version: OpenJDK Runtime Environment (8.0_152-b02) (build 1.8.0_152-release-1024-b02)
# Java VM: OpenJDK 64-Bit Server VM (25.152-b02 mixed mode windows-amd64 compressed oops)
Heap:
 PSYoungGen      total 248832K, used 136639K [0x00000000eab00000, 0x00000000fbd00000, 0x0000000100000000)
  eden space 236544K, 52% used [0x00000000eab00000,0x00000000f24b4fe8,0x00000000f9200000)
  from space 12288K, 97% used [0x00000000f9a80000,0x00000000fa63aff0,0x00000000fa680000)
  to   space 22016K, 0% used [0x00000000fa780000,0x00000000fa780000,0x00000000fbd00000)
 ParOldGen       total 131072K, used 51363K [0x00000000c0000000, 0x00000000c8000000, 0x00000000eab00000)
  object space 131072K, 39% used [0x00000000c0000000,0x00000000c3228d68,0x00000000c8000000)
 Metaspace       used 76668K, capacity 79712K, committed 79832K, reserved 1118208K
  class space    used 9978K, capacity 10726K, committed 10752K, reserved 1048576K
GC Heap History (10 events):
Event: 13.807 GC heap before
{Heap before GC invocations=12 (full 2):
 PSYoungGen      total 170496K, used 73485K [0x00000000eab00000, 0x00000000f9980000, 0x0000000100000000)
  eden space 154624K, 37% used [0x00000000eab00000,0x00000000ee346198,0x00000000f4200000)
  from space 15872K, 99% used [0x00000000f4200000,0x00000000f517d578,0x00000000f5180000)
  to   space 20480K, 0% used [0x00000000f8580000,0x00000000f8580000,0x00000000f9980000)
 ParOldGen       total 93184K, used 29952K [0x00000000c0000000, 0x00000000c5b00000, 0x00000000eab00000)
  object space 93184K, 32% used [0x00000000c0000000,0x00000000c1d40210,0x00000000c5b00000)
 Metaspace       used 57060K, capacity 58866K, committed 58968K, reserved 1099776K
  class space    used 7797K, capacity 8247K, committed 8320K, reserved 1048576K
Event: 13.822 GC heap after
Heap after GC invocations=12 (full 2):
 PSYoungGen      total 223744K, used 11984K [0x00000000eab00000, 0x00000000f9c80000, 0x0000000100000000)
  eden space 203264K, 0% used [0x00000000eab00000,0x00000000eab00000,0x00000000f7180000)
  from space 20480K, 58% used [0x00000000f8580000,0x00000000f9134260,0x00000000f9980000)
  to   space 20480K, 0% used [0x00000000f7180000,0x00000000f7180000,0x00000000f8580000)
 ParOldGen       total 93184K, used 38476K [0x00000000c0000000, 0x00000000c5b00000, 0x00000000eab00000)
  object space 93184K, 41% used [0x00000000c0000000,0x00000000c25933b8,0x00000000c5b00000)
 Metaspace       used 57060K, capacity 58866K, committed 58968K, reserved 1099776K
  class space    used 7797K, capacity 8247K, committed 8320K, reserved 1048576K
}
Event: 13.822 GC heap before
{Heap before GC invocations=13 (full 3):
 PSYoungGen      total 223744K, used 11984K [0x00000000eab00000, 0x00000000f9c80000, 0x0000000100000000)
  eden space 203264K, 0% used [0x00000000eab00000,0x00000000eab00000,0x00000000f7180000)
  from space 20480K, 58% used [0x00000000f8580000,0x00000000f9134260,0x00000000f9980000)
  to   space 20480K, 0% used [0x00000000f7180000,0x00000000f7180000,0x00000000f8580000)
 ParOldGen       total 93184K, used 38476K [0x00000000c0000000, 0x00000000c5b00000, 0x00000000eab00000)
  object space 93184K, 41% used [0x00000000c0000000,0x00000000c25933b8,0x00000000c5b00000)
 Metaspace       used 57060K, capacity 58866K, committed 58968K, reserved 1099776K
  class space    used 7797K, capacity 8247K, committed 8320K, reserved 1048576K
Event: 13.970 GC heap after
Heap after GC invocations=13 (full 3):
 PSYoungGen      total 223744K, used 0K [0x00000000eab00000, 0x00000000f9c80000, 0x0000000100000000)
  eden space 203264K, 0% used [0x00000000eab00000,0x00000000eab00000,0x00000000f7180000)
  from space 20480K, 0% used [0x00000000f8580000,0x00000000f8580000,0x00000000f9980000)
  to   space 20480K, 0% used [0x00000000f7180000,0x00000000f7180000,0x00000000f8580000)
 ParOldGen       total 131072K, used 35468K [0x00000000c0000000, 0x00000000c8000000, 0x00000000eab00000)
  object space 131072K, 27% used [0x00000000c0000000,0x00000000c22a33a8,0x00000000c8000000)
 Metaspace       used 57060K, capacity 58866K, committed 58968K, reserved 1099776K
  class space    used 7797K, capacity 8247K, committed 8320K, reserved 1048576K
}
Event: 91.934 GC heap before
{Heap before GC invocations=14 (full 3):
 PSYoungGen      total 223744K, used 203264K [0x00000000eab00000, 0x00000000f9c80000, 0x0000000100000000)
  eden space 203264K, 100% used [0x00000000eab00000,0x00000000f7180000,0x00000000f7180000)
  from space 20480K, 0% used [0x00000000f8580000,0x00000000f8580000,0x00000000f9980000)
  to   space 20480K, 0% used [0x00000000f7180000,0x00000000f7180000,0x00000000f8580000)
 ParOldGen       total 131072K, used 35468K [0x00000000c0000000, 0x00000000c8000000, 0x00000000eab00000)
  object space 131072K, 27% used [0x00000000c0000000,0x00000000c22a33a8,0x00000000c8000000)
 Metaspace       used 66386K, capacity 68692K, committed 68824K, reserved 1107968K
  class space    used 8858K, capacity 9454K, committed 9472K, reserved 1048576K
Event: 91.952 GC heap after
Heap after GC invocations=14 (full 3):
 PSYoungGen      total 223744K, used 20463K [0x00000000eab00000, 0x00000000fd080000, 0x0000000100000000)
  eden space 203264K, 0% used [0x00000000eab00000,0x00000000eab00000,0x00000000f7180000)
  from space 20480K, 99% used [0x00000000f7180000,0x00000000f857bf08,0x00000000f8580000)
  to   space 23552K, 0% used [0x00000000fb980000,0x00000000fb980000,0x00000000fd080000)
 ParOldGen       total 131072K, used 37489K [0x00000000c0000000, 0x00000000c8000000, 0x00000000eab00000)
  object space 131072K, 28% used [0x00000000c0000000,0x00000000c249c598,0x00000000c8000000)
 Metaspace       used 66386K, capacity 68692K, committed 68824K, reserved 1107968K
  class space    used 8858K, capacity 9454K, committed 9472K, reserved 1048576K
}
Event: 317.022 GC heap before
{Heap before GC invocations=15 (full 3):
 PSYoungGen      total 223744K, used 223710K [0x00000000eab00000, 0x00000000fd080000, 0x0000000100000000)
  eden space 203264K, 99% used [0x00000000eab00000,0x00000000f717bbd8,0x00000000f7180000)
  from space 20480K, 99% used [0x00000000f7180000,0x00000000f857bf08,0x00000000f8580000)
  to   space 23552K, 0% used [0x00000000fb980000,0x00000000fb980000,0x00000000fd080000)
 ParOldGen       total 131072K, used 37489K [0x00000000c0000000, 0x00000000c8000000, 0x00000000eab00000)
  object space 131072K, 28% used [0x00000000c0000000,0x00000000c249c598,0x00000000c8000000)
 Metaspace       used 70547K, capacity 73214K, committed 73432K, reserved 1112064K
  class space    used 9256K, capacity 9921K, committed 9984K, reserved 1048576K
Event: 317.047 GC heap after
Heap after GC invocations=15 (full 3):
 PSYoungGen      total 259584K, used 12417K [0x00000000eab00000, 0x00000000fc780000, 0x0000000100000000)
  eden space 245248K, 0% used [0x00000000eab00000,0x00000000eab00000,0x00000000f9a80000)
  from space 14336K, 86% used [0x00000000fb980000,0x00000000fc5a0688,0x00000000fc780000)
  to   space 23040K, 0% used [0x00000000f9a80000,0x00000000f9a80000,0x00000000fb100000)
 ParOldGen       total 131072K, used 51355K [0x00000000c0000000, 0x00000000c8000000, 0x00000000eab00000)
  object space 131072K, 39% used [0x00000000c0000000,0x00000000c3226d68,0x00000000c8000000)
 Metaspace       used 70547K, capacity 73214K, committed 73432K, reserved 1112064K
  class space    used 9256K, capacity 9921K, committed 9984K, reserved 1048576K
}
Event: 1613.041 GC heap before
{Heap before GC invocations=16 (full 3):
 PSYoungGen      total 259584K, used 257665K [0x00000000eab00000, 0x00000000fc780000, 0x0000000100000000)
  eden space 245248K, 100% used [0x00000000eab00000,0x00000000f9a80000,0x00000000f9a80000)
  from space 14336K, 86% used [0x00000000fb980000,0x00000000fc5a0688,0x00000000fc780000)
  to   space 23040K, 0% used [0x00000000f9a80000,0x00000000f9a80000,0x00000000fb100000)
 ParOldGen       total 131072K, used 51355K [0x00000000c0000000, 0x00000000c8000000, 0x00000000eab00000)
  object space 131072K, 39% used [0x00000000c0000000,0x00000000c3226d68,0x00000000c8000000)
 Metaspace       used 71936K, capacity 75040K, committed 75224K, reserved 1114112K
  class space    used 9402K, capacity 10150K, committed 10240K, reserved 1048576K
Event: 1613.064 GC heap after
Heap after GC invocations=16 (full 3):
 PSYoungGen      total 248832K, used 12011K [0x00000000eab00000, 0x00000000fbd00000, 0x0000000100000000)
  eden space 236544K, 0% used [0x00000000eab00000,0x00000000eab00000,0x00000000f9200000)
  from space 12288K, 97% used [0x00000000f9a80000,0x00000000fa63aff0,0x00000000fa680000)
  to   space 22016K, 0% used [0x00000000fa780000,0x00000000fa780000,0x00000000fbd00000)
 ParOldGen       total 131072K, used 51363K [0x00000000c0000000, 0x00000000c8000000, 0x00000000eab00000)
  object space 131072K, 39% used [0x00000000c0000000,0x00000000c3228d68,0x00000000c8000000)
 Metaspace       used 71936K, capacity 75040K, committed 75224K, reserved 1114112K
  class space    used 9402K, capacity 10150K, committed 10240K, reserved 1048576K
}

